# JRE version: OpenJDK Runtime Environment Temurin-17.0.9+9 (17.0.9+9) (build 17.0.9+9)
# Java VM: OpenJDK 64-Bit Server VM Temurin-17.0.9+9 (17.0.9+9, mixed mode, emulated-client, tiered, compressed oops, compressed class ptrs, g1 gc, windows-amd64)
GC Precious Log:
 CPUs: 12 total, 12 available
 Memory: 7579M
 Large Page Support: Disabled
 NUMA Support: Disabled
 Compressed Oops: Enabled (32-bit)
 Heap Region Size: 1M
 Heap Min Capacity: 8M
 Heap Initial Capacity: 120M
 Heap Max Capacity: 1G
 Pre-touch: Disabled
 Parallel Workers: 10
 Concurrent Workers: 3
 Concurrent Refinement Workers: 10
 Periodic GC: Disabled
Heap:
 garbage-first heap   total 96256K, used 27822K [0x00000000c0000000, 0x0000000100000000)
  region size 1024K, 1 young (1024K), 0 survivors (0K)
 Metaspace       used 57599K, committed 58112K, reserved 1114112K
  class space    used 7113K, committed 7360K, reserved 1048576K
GC Heap History (20 events):
Event: 14806.179 GC heap before
{Heap before GC invocations=1298 (full 1271):
 garbage-first heap   total 96256K, used 27822K [0x00000000c0000000, 0x0000000100000000)
  region size 1024K, 1 young (1024K), 0 survivors (0K)
 Metaspace       used 57599K, committed 58112K, reserved 1114112K
  class space    used 7113K, committed 7360K, reserved 1048576K
}
Event: 14806.208 GC heap after
{Heap after GC invocations=1299 (full 1272):
 garbage-first heap   total 96256K, used 27822K [0x00000000c0000000, 0x0000000100000000)
  region size 1024K, 0 young (0K), 0 survivors (0K)
 Metaspace       used 57599K, committed 58112K, reserved 1114112K
  class space    used 7113K, committed 7360K, reserved 1048576K
}
Event: 14816.712 GC heap before
{Heap before GC invocations=1299 (full 1272):
 garbage-first heap   total 96256K, used 27822K [0x00000000c0000000, 0x0000000100000000)
  region size 1024K, 1 young (1024K), 0 survivors (0K)
 Metaspace       used 57599K, committed 58112K, reserved 1114112K
  class space    used 7113K, committed 7360K, reserved 1048576K
}
Event: 14816.765 GC heap after
{Heap after GC invocations=1300 (full 1273):
 garbage-first heap   total 96256K, used 27822K [0x00000000c0000000, 0x0000000100000000)
  region size 1024K, 0 young (0K), 0 survivors (0K)
 Metaspace       used 57599K, committed 58112K, reserved 1114112K
  class space    used 7113K, committed 7360K, reserved 1048576K
}
Event: 14827.139 GC heap before
{Heap before GC invocations=1300 (full 1273):
 garbage-first heap   total 96256K, used 27822K [0x00000000c0000000, 0x0000000100000000)
  region size 1024K, 1 young (1024K), 0 survivors (0K)
 Metaspace       used 57599K, committed 58112K, reserved 1114112K
  class space    used 7113K, committed 7360K, reserved 1048576K
}
Event: 14827.684 GC heap after
{Heap after GC invocations=1301 (full 1274):
 garbage-first heap   total 96256K, used 27822K [0x00000000c0000000, 0x0000000100000000)
  region size 1024K, 0 young (0K), 0 survivors (0K)
 Metaspace       used 57599K, committed 58112K, reserved 1114112K
  class space    used 7113K, committed 7360K, reserved 1048576K
}
Event: 14838.095 GC heap before
{Heap before GC invocations=1301 (full 1274):
 garbage-first heap   total 96256K, used 27822K [0x00000000c0000000, 0x0000000100000000)
  region size 1024K, 1 young (1024K), 0 survivors (0K)
 Metaspace       used 57599K, committed 58112K, reserved 1114112K
  class space    used 7113K, committed 7360K, reserved 1048576K
}
Event: 14838.142 GC heap after
{Heap after GC invocations=1302 (full 1275):
 garbage-first heap   total 96256K, used 27822K [0x00000000c0000000, 0x0000000100000000)
  region size 1024K, 0 young (0K), 0 survivors (0K)
 Metaspace       used 57599K, committed 58112K, reserved 1114112K
  class space    used 7113K, committed 7360K, reserved 1048576K
}
Event: 14848.914 GC heap before
{Heap before GC invocations=1302 (full 1275):
 garbage-first heap   total 96256K, used 27822K [0x00000000c0000000, 0x0000000100000000)
  region size 1024K, 1 young (1024K), 0 survivors (0K)
 Metaspace       used 57599K, committed 58112K, reserved 1114112K
  class space    used 7113K, committed 7360K, reserved 1048576K
}
Event: 14848.982 GC heap after
{Heap after GC invocations=1303 (full 1276):
 garbage-first heap   total 96256K, used 27822K [0x00000000c0000000, 0x0000000100000000)
  region size 1024K, 0 young (0K), 0 survivors (0K)
 Metaspace       used 57599K, committed 58112K, reserved 1114112K
  class space    used 7113K, committed 7360K, reserved 1048576K
}
Event: 14859.230 GC heap before
{Heap before GC invocations=1303 (full 1276):
 garbage-first heap   total 96256K, used 27822K [0x00000000c0000000, 0x0000000100000000)
  region size 1024K, 1 young (1024K), 0 survivors (0K)
 Metaspace       used 57599K, committed 58112K, reserved 1114112K
  class space    used 7113K, committed 7360K, reserved 1048576K
}
Event: 14859.258 GC heap after
{Heap after GC invocations=1304 (full 1277):
 garbage-first heap   total 96256K, used 27822K [0x00000000c0000000, 0x0000000100000000)
  region size 1024K, 0 young (0K), 0 survivors (0K)
 Metaspace       used 57599K, committed 58112K, reserved 1114112K
  class space    used 7113K, committed 7360K, reserved 1048576K
}
Event: 14869.459 GC heap before
{Heap before GC invocations=1304 (full 1277):
 garbage-first heap   total 96256K, used 27822K [0x00000000c0000000, 0x0000000100000000)
  region size 1024K, 1 young (1024K), 0 survivors (0K)
 Metaspace       used 57599K, committed 58112K, reserved 1114112K
  class space    used 7113K, committed 7360K, reserved 1048576K
}
Event: 14869.487 GC heap after
{Heap after GC invocations=1305 (full 1278):
 garbage-first heap   total 96256K, used 27822K [0x00000000c0000000, 0x0000000100000000)
  region size 1024K, 0 young (0K), 0 survivors (0K)
 Metaspace       used 57599K, committed 58112K, reserved 1114112K
  class space    used 7113K, committed 7360K, reserved 1048576K
}
Event: 14879.723 GC heap before
{Heap before GC invocations=1305 (full 1278):
 garbage-first heap   total 96256K, used 27822K [0x00000000c0000000, 0x0000000100000000)
  region size 1024K, 1 young (1024K), 0 survivors (0K)
 Metaspace       used 57599K, committed 58112K, reserved 1114112K
  class space    used 7113K, committed 7360K, reserved 1048576K
}
Event: 14879.747 GC heap after
{Heap after GC invocations=1306 (full 1279):
 garbage-first heap   total 96256K, used 27822K [0x00000000c0000000, 0x0000000100000000)
  region size 1024K, 0 young (0K), 0 survivors (0K)
 Metaspace       used 57599K, committed 58112K, reserved 1114112K
  class space    used 7113K, committed 7360K, reserved 1048576K
}
Event: 14889.954 GC heap before
{Heap before GC invocations=1306 (full 1279):
 garbage-first heap   total 96256K, used 27822K [0x00000000c0000000, 0x0000000100000000)
  region size 1024K, 1 young (1024K), 0 survivors (0K)
 Metaspace       used 57599K, committed 58112K, reserved 1114112K
  class space    used 7113K, committed 7360K, reserved 1048576K
}
Event: 14889.982 GC heap after
{Heap after GC invocations=1307 (full 1280):
 garbage-first heap   total 96256K, used 27822K [0x00000000c0000000, 0x0000000100000000)
  region size 1024K, 0 young (0K), 0 survivors (0K)
 Metaspace       used 57599K, committed 58112K, reserved 1114112K
  class space    used 7113K, committed 7360K, reserved 1048576K
}
Event: 14900.261 GC heap before
{Heap before GC invocations=1307 (full 1280):
 garbage-first heap   total 96256K, used 27822K [0x00000000c0000000, 0x0000000100000000)
  region size 1024K, 1 young (1024K), 0 survivors (0K)
 Metaspace       used 57599K, committed 58112K, reserved 1114112K
  class space    used 7113K, committed 7360K, reserved 1048576K
}
Event: 14900.300 GC heap after
{Heap after GC invocations=1308 (full 1281):
 garbage-first heap   total 96256K, used 27822K [0x00000000c0000000, 0x0000000100000000)
  region size 1024K, 0 young (0K), 0 survivors (0K)
 Metaspace       used 57599K, committed 58112K, reserved 1114112K
  class space    used 7113K, committed 7360K, reserved 1048576K
}

